<?xml version="1.0" encoding="UTF-8"?>
<testng-results total="1" passed="1" failed="0" skipped="0">
  <reporter-output>
  </reporter-output>
  <suite started-at="2023-08-23T10:12:51Z" name="Default suite" finished-at="2023-08-23T10:13:20Z" duration-ms="28585">
    <groups>
    </groups>
    <test started-at="2023-08-23T10:12:51Z" name="Default test" finished-at="2023-08-23T10:13:20Z" duration-ms="28585">
      <class name="Tests.AmazonTest">
        <test-method is-config="true" signature="setUp()[pri:0, instance:Tests.AmazonTest@76494737]" started-at="2023-08-23T15:42:51Z" name="setUp" finished-at="2023-08-23T15:42:55Z" duration-ms="3890" status="PASS">
          <reporter-output>
          </reporter-output>
        </test-method> <!-- setUp -->
        <test-method signature="purchaseItemFromAmazon()[pri:0, instance:Tests.AmazonTest@76494737]" started-at="2023-08-23T15:42:55Z" name="purchaseItemFromAmazon" finished-at="2023-08-23T15:43:20Z" duration-ms="24371" status="PASS">
          <reporter-output>
          </reporter-output>
        </test-method> <!-- purchaseItemFromAmazon -->
        <test-method is-config="true" signature="closeBrowser()[pri:0, instance:Tests.AmazonTest@76494737]" started-at="2023-08-23T15:43:20Z" name="closeBrowser" finished-at="2023-08-23T15:43:20Z" duration-ms="314" status="PASS">
          <reporter-output>
          </reporter-output>
        </test-method> <!-- closeBrowser -->
      </class> <!-- Tests.AmazonTest -->
    </test> <!-- Default test -->
  </suite> <!-- Default suite -->
</testng-results>
